<?xml version="1.0" encoding="UTF-8"?>
<!-- Generated by org.testng.reporters.JUnitXMLReporter -->
<testsuite hostname="Ramya" ignored="0" name="Default test" tests="3" failures="0" timestamp="07 Feb 2019 11:16:08 GMT" time="0.089" errors="0">
  <testcase name="testMethod" time="0.015" classname="simpletest.SimpleTestFactory"/>
  <testcase name="testMethod" time="0.008" classname="simpletest.SimpleTestFactory"/>
  <testcase name="testMethod" time="0.0" classname="simpletest.SimpleTestFactory"/>
</testsuite> <!-- Default test -->
