<?xml version="1.0" encoding="UTF-8"?>
<testng-results skipped="0" failed="0" ignored="0" total="3" passed="3">
  <reporter-output>
  </reporter-output>
  <suite name="Default suite" duration-ms="95" started-at="2019-02-07T09:52:29Z" finished-at="2019-02-07T09:52:29Z">
    <groups>
    </groups>
    <test name="Default test" duration-ms="95" started-at="2019-02-07T09:52:29Z" finished-at="2019-02-07T09:52:29Z">
      <class name="simpletest.SimpleTestFactory">
        <test-method status="PASS" signature="beforeClass()[pri:0, instance:simpletest.SimpleTestFactory@7d9d1a19]" name="beforeClass" is-config="true" duration-ms="12" started-at="2019-02-07T15:22:29Z" finished-at="2019-02-07T15:22:29Z">
          <reporter-output>
          </reporter-output>
        </test-method> <!-- beforeClass -->
        <test-method status="PASS" signature="testMethod()[pri:0, instance:simpletest.SimpleTestFactory@4883b407]" name="testMethod" duration-ms="6" started-at="2019-02-07T15:22:29Z" finished-at="2019-02-07T15:22:29Z">
          <reporter-output>
          </reporter-output>
        </test-method> <!-- testMethod -->
        <test-method status="PASS" signature="beforeClass()[pri:0, instance:simpletest.SimpleTestFactory@7d9d1a19]" name="beforeClass" is-config="true" duration-ms="1" started-at="2019-02-07T15:22:29Z" finished-at="2019-02-07T15:22:29Z">
          <reporter-output>
          </reporter-output>
        </test-method> <!-- beforeClass -->
        <test-method status="PASS" signature="testMethod()[pri:0, instance:simpletest.SimpleTestFactory@5622fdf]" name="testMethod" duration-ms="8" started-at="2019-02-07T15:22:29Z" finished-at="2019-02-07T15:22:29Z">
          <reporter-output>
          </reporter-output>
        </test-method> <!-- testMethod -->
        <test-method status="PASS" signature="beforeClass()[pri:0, instance:simpletest.SimpleTestFactory@7d9d1a19]" name="beforeClass" is-config="true" duration-ms="0" started-at="2019-02-07T15:22:29Z" finished-at="2019-02-07T15:22:29Z">
          <reporter-output>
          </reporter-output>
        </test-method> <!-- beforeClass -->
        <test-method status="PASS" signature="testMethod()[pri:0, instance:simpletest.SimpleTestFactory@7d9d1a19]" name="testMethod" duration-ms="6" started-at="2019-02-07T15:22:29Z" finished-at="2019-02-07T15:22:29Z">
          <reporter-output>
          </reporter-output>
        </test-method> <!-- testMethod -->
      </class> <!-- simpletest.SimpleTestFactory -->
    </test> <!-- Default test -->
  </suite> <!-- Default suite -->
</testng-results>
